<?xml version="1.0" encoding="UTF-8"?>
<testng-results ignored="0" total="1" passed="1" failed="0" skipped="0">
  <reporter-output>
  </reporter-output>
  <suite started-at="2023-12-19T06:26:44Z" name="Default suite" finished-at="2023-12-19T06:26:53Z" duration-ms="9470">
    <groups>
    </groups>
    <test started-at="2023-12-19T06:26:44Z" name="Default test" finished-at="2023-12-19T06:26:53Z" duration-ms="9470">
      <class name="Assignment.Jenkins.testcase">
        <test-method signature="openAmazon()[pri:0, instance:Assignment.Jenkins.testcase@53b7f657]" started-at="2023-12-19T06:26:44Z" name="openAmazon" finished-at="2023-12-19T06:26:53Z" duration-ms="9420" status="PASS">
          <reporter-output>
          </reporter-output>
        </test-method> <!-- openAmazon -->
      </class> <!-- Assignment.Jenkins.testcase -->
    </test> <!-- Default test -->
  </suite> <!-- Default suite -->
</testng-results>
